\BOOKMARK [1][-]{section.1}{1 Motion Planning in Cell Assembling System}{}% 1
\BOOKMARK [1][-]{section.2}{2 CELL-ASSEMBLY}{}% 2
\BOOKMARK [2][-]{subsection.2.1}{2.1 Planner's Task}{section.2}% 3
\BOOKMARK [2][-]{subsection.2.2}{2.2 High degree of symmetry}{section.2}% 4
\BOOKMARK [2][-]{subsection.2.3}{2.3 No Existing Planner Can Solve This Practical Problem!}{section.2}% 5
\BOOKMARK [1][-]{section.3}{3 Summary of Contribution}{}% 6
\BOOKMARK [1][-]{section.4}{4 Strategy: Cyclic Planning}{}% 7
\BOOKMARK [2][-]{subsection.4.1}{4.1 Loop unrolling ＜-＞ Loop rolling}{section.4}% 8
\BOOKMARK [2][-]{subsection.4.2}{4.2 Interactions between subproblems}{section.4}% 9
\BOOKMARK [1][-]{section.5}{5 Loop : representation}{}% 10
\BOOKMARK [2][-]{subsection.5.1}{5.1 Steady State Si}{section.5}% 11
\BOOKMARK [2][-]{subsection.5.2}{5.2 Unrolling}{section.5}% 12
\BOOKMARK [1][-]{section.6}{6 Difficulty}{}% 13
\BOOKMARK [2][-]{subsection.6.1}{6.1 Difficulty}{section.6}% 14
\BOOKMARK [1][-]{section.7}{7 Process -- to Enumerate SSs}{}% 15
\BOOKMARK [2][-]{subsection.7.1}{7.1 Process = Unit Capacity Resource}{section.7}% 16
\BOOKMARK [2][-]{subsection.7.2}{7.2 Detection mechanism}{section.7}% 17
\BOOKMARK [2][-]{subsection.7.3}{7.3 What's the difference?}{section.7}% 18
\BOOKMARK [2][-]{subsection.7.4}{7.4 What's the difference?}{section.7}% 19
\BOOKMARK [2][-]{subsection.7.5}{7.5 Detects ANY places possible}{section.7}% 20
\BOOKMARK [2][-]{subsection.7.6}{7.6 ACP : Automated Cyclic Planner}{section.7}% 21
\BOOKMARK [2][-]{subsection.7.7}{7.7 Infeasibility/Deadlock Detection}{section.7}% 22
\BOOKMARK [1][-]{section.8}{8 Unrolling}{}% 23
\BOOKMARK [1][-]{section.9}{9 Experiments}{}% 24
\BOOKMARK [2][-]{subsection.9.1}{9.1 ACP vs …}{section.9}% 25
\BOOKMARK [2][-]{subsection.9.2}{9.2 Simple Cyclic Planner}{section.9}% 26
\BOOKMARK [2][-]{subsection.9.3}{9.3 All standard planners fails}{section.9}% 27
\BOOKMARK [2][-]{subsection.9.4}{9.4 Average makespan compared to SCP / lower bound}{section.9}% 28
\BOOKMARK [2][-]{subsection.9.5}{9.5 Domain Independence}{section.9}% 29
\BOOKMARK [1][-]{section.10}{10 Summary of Contribution}{}% 30
\BOOKMARK [2][-]{subsection.10.1}{10.1 Is it useful?}{section.10}% 31
\BOOKMARK [2][-]{subsection.10.2}{10.2 So, what's next?}{section.10}% 32
